app/build/outputs/logs/manifest-merger-debug-report.txt
-- Merging decision tree log ---
manifest
ADDED from src\main\AndroidManifest.xml:2:1-110:12
	package
		ADDED from src\main\AndroidManifest.xml:3:5-57
		INJECTED from src\main\AndroidManifest.xml
		INJECTED from src\main\AndroidManifest.xml
	android:versionName
		INJECTED from src\main\AndroidManifest.xml
		INJECTED from src\main\AndroidManifest.xml
	xmlns:android
		ADDED from src\main\AndroidManifest.xml:2:11-69
	android:versionCode
		INJECTED from src\main\AndroidManifest.xml
		INJECTED from src\main\AndroidManifest.xml
uses-permission#android.permission.INTERNET
ADDED from src\main\AndroidManifest.xml:5:5-67
	android:name
		ADDED from src\main\AndroidManifest.xml:5:22-64
application
ADDED from src\main\AndroidManifest.xml:7:5-108:19
MERGED from [com.android.support:appcompat-v7:23.0.1] AndroidManifest.xml:22:5-20
MERGED from [com.android.support:support-v4:23.0.1] AndroidManifest.xml:22:5-20
MERGED from [com.mcxiaoke.volley:library-aar:1.0.0] AndroidManifest.xml:5:5-19
MERGED from [com.google.android.gms:play-services-appindexing:8.1.0] AndroidManifest.xml:19:5-20
MERGED from [com.google.android.gms:play-services-basement:8.1.0] AndroidManifest.xml:20:5-24:19
MERGED from [com.android.support:support-v4:23.0.1] AndroidManifest.xml:22:5-20
	android:label
		ADDED from src\main\AndroidManifest.xml:10:9-41
	android:allowBackup
		ADDED from src\main\AndroidManifest.xml:8:9-35
	android:icon
		ADDED from src\main\AndroidManifest.xml:9:9-43
	android:theme
		ADDED from src\main\AndroidManifest.xml:11:9-47
activity#com.example.emiliedoyle.peer_mentoring_app.LoginActivity
ADDED from src\main\AndroidManifest.xml:12:9-16:20
	android:label
		ADDED from src\main\AndroidManifest.xml:14:13-57
	android:theme
		ADDED from src\main\AndroidManifest.xml:15:13-51
	android:name
		ADDED from src\main\AndroidManifest.xml:13:13-42
activity#com.example.emiliedoyle.peer_mentoring_app.StudentMainActivity
ADDED from src\main\AndroidManifest.xml:17:9-31:20
	android:label
		ADDED from src\main\AndroidManifest.xml:19:13-64
	android:name
		ADDED from src\main\AndroidManifest.xml:18:13-48
intent-filter#android.intent.action.MAIN+android.intent.category.LAUNCHER
ADDED from src\main\AndroidManifest.xml:20:13-24:29
action#android.intent.action.MAIN
ADDED from src\main\AndroidManifest.xml:21:17-69
	android:name
		ADDED from src\main\AndroidManifest.xml:21:25-66
category#android.intent.category.LAUNCHER
ADDED from src\main\AndroidManifest.xml:23:17-77
	android:name
		ADDED from src\main\AndroidManifest.xml:23:27-74
activity#com.example.emiliedoyle.peer_mentoring_app.FindActivity
ADDED from src\main\AndroidManifest.xml:32:9-35:20
	android:label
		ADDED from src\main\AndroidManifest.xml:34:13-56
	android:name
		ADDED from src\main\AndroidManifest.xml:33:13-41
activity#com.example.emiliedoyle.peer_mentoring_app.MenteeManageProfileActivity
ADDED from src\main\AndroidManifest.xml:36:9-39:20
	android:label
		ADDED from src\main\AndroidManifest.xml:38:13-73
	android:name
		ADDED from src\main\AndroidManifest.xml:37:13-56
activity#com.example.emiliedoyle.peer_mentoring_app.MenteeYourConnectionsActivity
ADDED from src\main\AndroidManifest.xml:40:9-43:20
	android:label
		ADDED from src\main\AndroidManifest.xml:42:13-75
	android:name
		ADDED from src\main\AndroidManifest.xml:41:13-58
activity#com.example.emiliedoyle.peer_mentoring_app.MenteeSearchResultsActivity
ADDED from src\main\AndroidManifest.xml:44:9-47:20
	android:label
		ADDED from src\main\AndroidManifest.xml:46:13-73
	android:name
		ADDED from src\main\AndroidManifest.xml:45:13-56
activity#com.example.emiliedoyle.peer_mentoring_app.MenteeRegisterActivity
ADDED from src\main\AndroidManifest.xml:48:9-51:20
	android:label
		ADDED from src\main\AndroidManifest.xml:50:13-67
	android:name
		ADDED from src\main\AndroidManifest.xml:49:13-51
activity#com.example.emiliedoyle.peer_mentoring_app.MentorProfileActivity
ADDED from src\main\AndroidManifest.xml:52:9-55:20
	android:label
		ADDED from src\main\AndroidManifest.xml:54:13-66
	android:name
		ADDED from src\main\AndroidManifest.xml:53:13-50
activity#com.example.emiliedoyle.peer_mentoring_app.MenteeRequestMentorNotificationActivity
ADDED from src\main\AndroidManifest.xml:56:9-59:20
	android:label
		ADDED from src\main\AndroidManifest.xml:58:13-86
	android:name
		ADDED from src\main\AndroidManifest.xml:57:13-68
activity#com.example.emiliedoyle.peer_mentoring_app.MenteeFindOptionsActivity
ADDED from src\main\AndroidManifest.xml:60:9-63:20
	android:label
		ADDED from src\main\AndroidManifest.xml:62:13-71
	android:name
		ADDED from src\main\AndroidManifest.xml:61:13-54
activity#com.example.emiliedoyle.peer_mentoring_app.MenteeYourMatchesActivity
ADDED from src\main\AndroidManifest.xml:64:9-67:20
	android:label
		ADDED from src\main\AndroidManifest.xml:66:13-71
	android:name
		ADDED from src\main\AndroidManifest.xml:65:13-54
meta-data#com.google.android.gms.version
ADDED from src\main\AndroidManifest.xml:72:9-74:69
MERGED from [com.google.android.gms:play-services-basement:8.1.0] AndroidManifest.xml:21:9-23:69
	android:value
		ADDED from src\main\AndroidManifest.xml:74:13-66
	android:name
		ADDED from src\main\AndroidManifest.xml:73:13-58
activity#com.example.emiliedoyle.peer_mentoring_app.AdminMainActivity
ADDED from src\main\AndroidManifest.xml:76:9-79:20
	android:label
		ADDED from src\main\AndroidManifest.xml:78:13-62
	android:name
		ADDED from src\main\AndroidManifest.xml:77:13-46
activity#com.example.emiliedoyle.peer_mentoring_app.AdminAddMentorActivity
ADDED from src\main\AndroidManifest.xml:80:9-83:20
	android:label
		ADDED from src\main\AndroidManifest.xml:82:13-68
	android:name
		ADDED from src\main\AndroidManifest.xml:81:13-51
activity#com.example.emiliedoyle.peer_mentoring_app.AdminAddMentorConfirmationActivity
ADDED from src\main\AndroidManifest.xml:84:9-87:20
	android:label
		ADDED from src\main\AndroidManifest.xml:86:13-81
	android:name
		ADDED from src\main\AndroidManifest.xml:85:13-63
activity#com.example.emiliedoyle.peer_mentoring_app.AdminManageConnectionsActivity
ADDED from src\main\AndroidManifest.xml:88:9-91:20
	android:label
		ADDED from src\main\AndroidManifest.xml:90:13-76
	android:name
		ADDED from src\main\AndroidManifest.xml:89:13-59
activity#com.example.emiliedoyle.peer_mentoring_app.AdminManageMentorsOptionsActivity
ADDED from src\main\AndroidManifest.xml:96:9-99:20
	android:label
		ADDED from src\main\AndroidManifest.xml:98:13-80
	android:name
		ADDED from src\main\AndroidManifest.xml:97:13-62
activity#com.example.emiliedoyle.peer_mentoring_app.MenteeSearchByAttributeActivity
ADDED from src\main\AndroidManifest.xml:100:9-103:20
	android:label
		ADDED from src\main\AndroidManifest.xml:102:13-78
	android:name
		ADDED from src\main\AndroidManifest.xml:101:13-60
activity#com.example.emiliedoyle.peer_mentoring_app.MenteeUpdatedProfileMessageActivity
ADDED from src\main\AndroidManifest.xml:104:9-107:20
	android:label
		ADDED from src\main\AndroidManifest.xml:106:13-82
	android:name
		ADDED from src\main\AndroidManifest.xml:105:13-64
uses-sdk
INJECTED from src\main\AndroidManifest.xml reason: use-sdk injection requested
MERGED from [com.android.support:appcompat-v7:23.0.1] AndroidManifest.xml:20:5-43
MERGED from [com.android.support:support-v4:23.0.1] AndroidManifest.xml:20:5-43
MERGED from [com.mcxiaoke.volley:library-aar:1.0.0] AndroidManifest.xml:3:5-72
MERGED from [com.google.android.gms:play-services-appindexing:8.1.0] AndroidManifest.xml:18:5-42
MERGED from [com.google.android.gms:play-services-basement:8.1.0] AndroidManifest.xml:18:5-42
MERGED from [com.android.support:support-v4:23.0.1] AndroidManifest.xml:20:5-43
	android:targetSdkVersion
		INJECTED from src\main\AndroidManifest.xml
		INJECTED from src\main\AndroidManifest.xml
	android:minSdkVersion
		INJECTED from src\main\AndroidManifest.xml
		INJECTED from src\main\AndroidManifest.xml